Connecting to database specified by database.yml
Connecting to database specified by database.yml
Connecting to database specified by database.yml
Compiled jquery.js  (2ms)  (pid 4541)
Compiled jquery_ujs.js  (0ms)  (pid 4541)
Compiled bootstrap.min.js  (0ms)  (pid 4541)
Compiled d3.v3.min.js  (1ms)  (pid 4541)
Compiled index.js  (0ms)  (pid 4541)
Compiled jquery-1.10.2.min.js  (1ms)  (pid 4541)
Compiled jquery-ui.js  (4ms)  (pid 4541)
Compiled sessions.js  (185ms)  (pid 4541)
Compiled application.js  (417ms)  (pid 4541)
Compiled bootstrap-responsive.min.css  (0ms)  (pid 4541)
Compiled bootstrap.min.css  (0ms)  (pid 4541)
Compiled index.css  (0ms)  (pid 4541)
Compiled jquery-ui.css  (0ms)  (pid 4541)
Compiled sessions.css  (13ms)  (pid 4541)
Compiled application.css  (98ms)  (pid 4541)
Connecting to database specified by database.yml
Compiled jquery.js  (2ms)  (pid 4541)
Compiled jquery_ujs.js  (0ms)  (pid 4541)
Compiled bootstrap.min.js  (0ms)  (pid 4541)
Compiled d3.v3.min.js  (1ms)  (pid 4541)
Compiled index.js  (0ms)  (pid 4541)
Compiled jquery-1.10.2.min.js  (1ms)  (pid 4541)
Compiled jquery-ui.js  (24ms)  (pid 4541)
Compiled sessions.js  (167ms)  (pid 4541)
Compiled application.js  (323ms)  (pid 4541)
Compiled bootstrap-responsive.min.css  (0ms)  (pid 4541)
Compiled bootstrap.min.css  (1ms)  (pid 4541)
Compiled index.css  (0ms)  (pid 4541)
Compiled jquery-ui.css  (0ms)  (pid 4541)
Compiled sessions.css  (13ms)  (pid 4541)
Compiled application.css  (67ms)  (pid 4541)
Connecting to database specified by database.yml
Compiled jquery.js  (2ms)  (pid 5083)
Compiled jquery_ujs.js  (0ms)  (pid 5083)
Compiled bootstrap.min.js  (0ms)  (pid 5083)
Compiled d3.v3.min.js  (1ms)  (pid 5083)
Compiled index.js  (0ms)  (pid 5083)
Compiled jquery-1.10.2.min.js  (1ms)  (pid 5083)
Compiled jquery-ui.js  (23ms)  (pid 5083)
Compiled sessions.js  (177ms)  (pid 5083)
Compiled application.js  (327ms)  (pid 5083)
Compiled bootstrap-responsive.min.css  (0ms)  (pid 5083)
Compiled bootstrap.min.css  (1ms)  (pid 5083)
Compiled index.css  (0ms)  (pid 5083)
Compiled jquery-ui.css  (0ms)  (pid 5083)
Compiled sessions.css  (16ms)  (pid 5083)
Compiled application.css  (80ms)  (pid 5083)
Connecting to database specified by database.yml
Compiled jquery.js  (2ms)  (pid 5083)
Compiled jquery_ujs.js  (0ms)  (pid 5083)
Compiled bootstrap.min.js  (0ms)  (pid 5083)
Compiled d3.v3.min.js  (1ms)  (pid 5083)
Compiled index.js  (0ms)  (pid 5083)
Compiled jquery-1.10.2.min.js  (1ms)  (pid 5083)
Compiled jquery-ui.js  (25ms)  (pid 5083)
Compiled sessions.js  (269ms)  (pid 5083)
Compiled application.js  (437ms)  (pid 5083)
Compiled bootstrap-responsive.min.css  (0ms)  (pid 5083)
Compiled bootstrap.min.css  (0ms)  (pid 5083)
Compiled index.css  (0ms)  (pid 5083)
Compiled jquery-ui.css  (0ms)  (pid 5083)
Compiled sessions.css  (13ms)  (pid 5083)
Compiled application.css  (80ms)  (pid 5083)
